{
    "code": "28P01",
    "file": "auth.c",
    "length": 104,
    "level": "error",
    "line": "331",
    "message": "Error during Data Source initialization password authentication failed for user \"postgres\"",
    "name": "error",
    "routine": "auth_failed",
    "severity": "FATAL",
    "stack": "error: password authentication failed for user \"postgres\"\n    at Parser.parseErrorMessage (/Users/vbui/Documents/QE_repo/PracticeTS/node_modules/pg-protocol/dist/parser.js:285:98)\n    at Parser.handlePacket (/Users/vbui/Documents/QE_repo/PracticeTS/node_modules/pg-protocol/dist/parser.js:122:29)\n    at Parser.parse (/Users/vbui/Documents/QE_repo/PracticeTS/node_modules/pg-protocol/dist/parser.js:35:38)\n    at Socket.<anonymous> (/Users/vbui/Documents/QE_repo/PracticeTS/node_modules/pg-protocol/dist/index.js:11:42)\n    at Socket.emit (node:events:517:28)\n    at addChunk (node:internal/streams/readable:368:12)\n    at readableAddChunk (node:internal/streams/readable:341:9)\n    at Readable.push (node:internal/streams/readable:278:10)\n    at TCP.onStreamRead (node:internal/stream_base_commons:190:23)",
    "timestamp": "2025-12-24T04:34:02.353Z"
}
{
    "code": "28P01",
    "file": "auth.c",
    "length": 104,
    "level": "error",
    "line": "331",
    "message": "Error during Data Source initialization password authentication failed for user \"postgres\"",
    "name": "error",
    "routine": "auth_failed",
    "severity": "FATAL",
    "stack": "error: password authentication failed for user \"postgres\"\n    at Parser.parseErrorMessage (/Users/vbui/Documents/QE_repo/PracticeTS/node_modules/pg-protocol/dist/parser.js:285:98)\n    at Parser.handlePacket (/Users/vbui/Documents/QE_repo/PracticeTS/node_modules/pg-protocol/dist/parser.js:122:29)\n    at Parser.parse (/Users/vbui/Documents/QE_repo/PracticeTS/node_modules/pg-protocol/dist/parser.js:35:38)\n    at Socket.<anonymous> (/Users/vbui/Documents/QE_repo/PracticeTS/node_modules/pg-protocol/dist/index.js:11:42)\n    at Socket.emit (node:events:517:28)\n    at addChunk (node:internal/streams/readable:368:12)\n    at readableAddChunk (node:internal/streams/readable:341:9)\n    at Readable.push (node:internal/streams/readable:278:10)\n    at TCP.onStreamRead (node:internal/stream_base_commons:190:23)",
    "timestamp": "2025-12-24T04:36:05.116Z"
}
{
    "code": "28P01",
    "file": "auth.c",
    "length": 104,
    "level": "error",
    "line": "331",
    "message": "Error during Data Source initialization password authentication failed for user \"postgres\"",
    "name": "error",
    "routine": "auth_failed",
    "severity": "FATAL",
    "stack": "error: password authentication failed for user \"postgres\"\n    at Parser.parseErrorMessage (/Users/vbui/Documents/QE_repo/PracticeTS/node_modules/pg-protocol/dist/parser.js:285:98)\n    at Parser.handlePacket (/Users/vbui/Documents/QE_repo/PracticeTS/node_modules/pg-protocol/dist/parser.js:122:29)\n    at Parser.parse (/Users/vbui/Documents/QE_repo/PracticeTS/node_modules/pg-protocol/dist/parser.js:35:38)\n    at Socket.<anonymous> (/Users/vbui/Documents/QE_repo/PracticeTS/node_modules/pg-protocol/dist/index.js:11:42)\n    at Socket.emit (node:events:517:28)\n    at addChunk (node:internal/streams/readable:368:12)\n    at readableAddChunk (node:internal/streams/readable:341:9)\n    at Readable.push (node:internal/streams/readable:278:10)\n    at TCP.onStreamRead (node:internal/stream_base_commons:190:23)",
    "timestamp": "2025-12-24T04:39:33.047Z"
}
{
    "code": "28P01",
    "file": "auth.c",
    "length": 104,
    "level": "error",
    "line": "331",
    "message": "Error during Data Source initialization password authentication failed for user \"postgres\"",
    "name": "error",
    "routine": "auth_failed",
    "severity": "FATAL",
    "stack": "error: password authentication failed for user \"postgres\"\n    at Parser.parseErrorMessage (/Users/vbui/Documents/QE_repo/PracticeTS/node_modules/pg-protocol/dist/parser.js:285:98)\n    at Parser.handlePacket (/Users/vbui/Documents/QE_repo/PracticeTS/node_modules/pg-protocol/dist/parser.js:122:29)\n    at Parser.parse (/Users/vbui/Documents/QE_repo/PracticeTS/node_modules/pg-protocol/dist/parser.js:35:38)\n    at Socket.<anonymous> (/Users/vbui/Documents/QE_repo/PracticeTS/node_modules/pg-protocol/dist/index.js:11:42)\n    at Socket.emit (node:events:517:28)\n    at addChunk (node:internal/streams/readable:368:12)\n    at readableAddChunk (node:internal/streams/readable:341:9)\n    at Readable.push (node:internal/streams/readable:278:10)\n    at TCP.onStreamRead (node:internal/stream_base_commons:190:23)",
    "timestamp": "2025-12-24T04:39:49.737Z"
}
{
    "code": "28P01",
    "file": "auth.c",
    "length": 104,
    "level": "error",
    "line": "331",
    "message": "Error during Data Source initialization password authentication failed for user \"postgres\"",
    "name": "error",
    "routine": "auth_failed",
    "severity": "FATAL",
    "stack": "error: password authentication failed for user \"postgres\"\n    at Parser.parseErrorMessage (/Users/vbui/Documents/QE_repo/PracticeTS/node_modules/pg-protocol/dist/parser.js:285:98)\n    at Parser.handlePacket (/Users/vbui/Documents/QE_repo/PracticeTS/node_modules/pg-protocol/dist/parser.js:122:29)\n    at Parser.parse (/Users/vbui/Documents/QE_repo/PracticeTS/node_modules/pg-protocol/dist/parser.js:35:38)\n    at Socket.<anonymous> (/Users/vbui/Documents/QE_repo/PracticeTS/node_modules/pg-protocol/dist/index.js:11:42)\n    at Socket.emit (node:events:517:28)\n    at addChunk (node:internal/streams/readable:368:12)\n    at readableAddChunk (node:internal/streams/readable:341:9)\n    at Readable.push (node:internal/streams/readable:278:10)\n    at TCP.onStreamRead (node:internal/stream_base_commons:190:23)",
    "timestamp": "2025-12-24T04:40:07.388Z"
}
{
    "code": "28P01",
    "file": "auth.c",
    "length": 100,
    "level": "error",
    "line": "331",
    "message": "Error during Data Source initialization password authentication failed for user \"vbui\"",
    "name": "error",
    "routine": "auth_failed",
    "severity": "FATAL",
    "stack": "error: password authentication failed for user \"vbui\"\n    at Parser.parseErrorMessage (/Users/vbui/Documents/QE_repo/PracticeTS/node_modules/pg-protocol/dist/parser.js:285:98)\n    at Parser.handlePacket (/Users/vbui/Documents/QE_repo/PracticeTS/node_modules/pg-protocol/dist/parser.js:122:29)\n    at Parser.parse (/Users/vbui/Documents/QE_repo/PracticeTS/node_modules/pg-protocol/dist/parser.js:35:38)\n    at Socket.<anonymous> (/Users/vbui/Documents/QE_repo/PracticeTS/node_modules/pg-protocol/dist/index.js:11:42)\n    at Socket.emit (node:events:517:28)\n    at addChunk (node:internal/streams/readable:368:12)\n    at readableAddChunk (node:internal/streams/readable:341:9)\n    at Readable.push (node:internal/streams/readable:278:10)\n    at TCP.onStreamRead (node:internal/stream_base_commons:190:23)",
    "timestamp": "2025-12-24T04:44:45.206Z"
}
{
    "code": "28P01",
    "file": "auth.c",
    "length": 100,
    "level": "error",
    "line": "331",
    "message": "Error during Data Source initialization password authentication failed for user \"vbui\"",
    "name": "error",
    "routine": "auth_failed",
    "severity": "FATAL",
    "stack": "error: password authentication failed for user \"vbui\"\n    at Parser.parseErrorMessage (/Users/vbui/Documents/QE_repo/PracticeTS/node_modules/pg-protocol/dist/parser.js:285:98)\n    at Parser.handlePacket (/Users/vbui/Documents/QE_repo/PracticeTS/node_modules/pg-protocol/dist/parser.js:122:29)\n    at Parser.parse (/Users/vbui/Documents/QE_repo/PracticeTS/node_modules/pg-protocol/dist/parser.js:35:38)\n    at Socket.<anonymous> (/Users/vbui/Documents/QE_repo/PracticeTS/node_modules/pg-protocol/dist/index.js:11:42)\n    at Socket.emit (node:events:517:28)\n    at addChunk (node:internal/streams/readable:368:12)\n    at readableAddChunk (node:internal/streams/readable:341:9)\n    at Readable.push (node:internal/streams/readable:278:10)\n    at TCP.onStreamRead (node:internal/stream_base_commons:190:23)",
    "timestamp": "2025-12-24T04:44:53.634Z"
}
{
    "code": "28P01",
    "file": "auth.c",
    "length": 100,
    "level": "error",
    "line": "331",
    "message": "Error during Data Source initialization password authentication failed for user \"vbui\"",
    "name": "error",
    "routine": "auth_failed",
    "severity": "FATAL",
    "stack": "error: password authentication failed for user \"vbui\"\n    at Parser.parseErrorMessage (/Users/vbui/Documents/QE_repo/PracticeTS/node_modules/pg-protocol/dist/parser.js:285:98)\n    at Parser.handlePacket (/Users/vbui/Documents/QE_repo/PracticeTS/node_modules/pg-protocol/dist/parser.js:122:29)\n    at Parser.parse (/Users/vbui/Documents/QE_repo/PracticeTS/node_modules/pg-protocol/dist/parser.js:35:38)\n    at Socket.<anonymous> (/Users/vbui/Documents/QE_repo/PracticeTS/node_modules/pg-protocol/dist/index.js:11:42)\n    at Socket.emit (node:events:517:28)\n    at addChunk (node:internal/streams/readable:368:12)\n    at readableAddChunk (node:internal/streams/readable:341:9)\n    at Readable.push (node:internal/streams/readable:278:10)\n    at TCP.onStreamRead (node:internal/stream_base_commons:190:23)",
    "timestamp": "2025-12-24T04:45:44.314Z"
}
{
    "code": "28P01",
    "file": "auth.c",
    "length": 100,
    "level": "error",
    "line": "331",
    "message": "Error during Data Source initialization password authentication failed for user \"vbui\"",
    "name": "error",
    "routine": "auth_failed",
    "severity": "FATAL",
    "stack": "error: password authentication failed for user \"vbui\"\n    at Parser.parseErrorMessage (/Users/vbui/Documents/QE_repo/PracticeTS/node_modules/pg-protocol/dist/parser.js:285:98)\n    at Parser.handlePacket (/Users/vbui/Documents/QE_repo/PracticeTS/node_modules/pg-protocol/dist/parser.js:122:29)\n    at Parser.parse (/Users/vbui/Documents/QE_repo/PracticeTS/node_modules/pg-protocol/dist/parser.js:35:38)\n    at Socket.<anonymous> (/Users/vbui/Documents/QE_repo/PracticeTS/node_modules/pg-protocol/dist/index.js:11:42)\n    at Socket.emit (node:events:517:28)\n    at addChunk (node:internal/streams/readable:368:12)\n    at readableAddChunk (node:internal/streams/readable:341:9)\n    at Readable.push (node:internal/streams/readable:278:10)\n    at TCP.onStreamRead (node:internal/stream_base_commons:190:23)",
    "timestamp": "2025-12-24T04:46:20.070Z"
}
{
    "code": "28P01",
    "file": "auth.c",
    "length": 100,
    "level": "error",
    "line": "331",
    "message": "Error during Data Source initialization password authentication failed for user \"vbui\"",
    "name": "error",
    "routine": "auth_failed",
    "severity": "FATAL",
    "stack": "error: password authentication failed for user \"vbui\"\n    at Parser.parseErrorMessage (/Users/vbui/Documents/QE_repo/PracticeTS/node_modules/pg-protocol/dist/parser.js:285:98)\n    at Parser.handlePacket (/Users/vbui/Documents/QE_repo/PracticeTS/node_modules/pg-protocol/dist/parser.js:122:29)\n    at Parser.parse (/Users/vbui/Documents/QE_repo/PracticeTS/node_modules/pg-protocol/dist/parser.js:35:38)\n    at Socket.<anonymous> (/Users/vbui/Documents/QE_repo/PracticeTS/node_modules/pg-protocol/dist/index.js:11:42)\n    at Socket.emit (node:events:517:28)\n    at addChunk (node:internal/streams/readable:368:12)\n    at readableAddChunk (node:internal/streams/readable:341:9)\n    at Readable.push (node:internal/streams/readable:278:10)\n    at TCP.onStreamRead (node:internal/stream_base_commons:190:23)",
    "timestamp": "2025-12-24T04:46:30.185Z"
}
{
    "code": "28P01",
    "file": "auth.c",
    "length": 100,
    "level": "error",
    "line": "331",
    "message": "Error during Data Source initialization password authentication failed for user \"vbui\"",
    "name": "error",
    "routine": "auth_failed",
    "severity": "FATAL",
    "stack": "error: password authentication failed for user \"vbui\"\n    at Parser.parseErrorMessage (/Users/vbui/Documents/QE_repo/PracticeTS/node_modules/pg-protocol/dist/parser.js:285:98)\n    at Parser.handlePacket (/Users/vbui/Documents/QE_repo/PracticeTS/node_modules/pg-protocol/dist/parser.js:122:29)\n    at Parser.parse (/Users/vbui/Documents/QE_repo/PracticeTS/node_modules/pg-protocol/dist/parser.js:35:38)\n    at Socket.<anonymous> (/Users/vbui/Documents/QE_repo/PracticeTS/node_modules/pg-protocol/dist/index.js:11:42)\n    at Socket.emit (node:events:517:28)\n    at addChunk (node:internal/streams/readable:368:12)\n    at readableAddChunk (node:internal/streams/readable:341:9)\n    at Readable.push (node:internal/streams/readable:278:10)\n    at TCP.onStreamRead (node:internal/stream_base_commons:190:23)",
    "timestamp": "2025-12-24T04:47:06.894Z"
}
{
    "code": "28P01",
    "file": "auth.c",
    "length": 100,
    "level": "error",
    "line": "331",
    "message": "Error during Data Source initialization password authentication failed for user \"vbui\"",
    "name": "error",
    "routine": "auth_failed",
    "severity": "FATAL",
    "stack": "error: password authentication failed for user \"vbui\"\n    at Parser.parseErrorMessage (/Users/vbui/Documents/QE_repo/PracticeTS/node_modules/pg-protocol/dist/parser.js:285:98)\n    at Parser.handlePacket (/Users/vbui/Documents/QE_repo/PracticeTS/node_modules/pg-protocol/dist/parser.js:122:29)\n    at Parser.parse (/Users/vbui/Documents/QE_repo/PracticeTS/node_modules/pg-protocol/dist/parser.js:35:38)\n    at Socket.<anonymous> (/Users/vbui/Documents/QE_repo/PracticeTS/node_modules/pg-protocol/dist/index.js:11:42)\n    at Socket.emit (node:events:517:28)\n    at addChunk (node:internal/streams/readable:368:12)\n    at readableAddChunk (node:internal/streams/readable:341:9)\n    at Readable.push (node:internal/streams/readable:278:10)\n    at TCP.onStreamRead (node:internal/stream_base_commons:190:23)",
    "timestamp": "2025-12-24T04:47:22.344Z"
}
{
    "code": "28P01",
    "file": "auth.c",
    "length": 100,
    "level": "error",
    "line": "331",
    "message": "Error during Data Source initialization password authentication failed for user \"vbui\"",
    "name": "error",
    "routine": "auth_failed",
    "severity": "FATAL",
    "stack": "error: password authentication failed for user \"vbui\"\n    at Parser.parseErrorMessage (/Users/vbui/Documents/QE_repo/PracticeTS/node_modules/pg-protocol/dist/parser.js:285:98)\n    at Parser.handlePacket (/Users/vbui/Documents/QE_repo/PracticeTS/node_modules/pg-protocol/dist/parser.js:122:29)\n    at Parser.parse (/Users/vbui/Documents/QE_repo/PracticeTS/node_modules/pg-protocol/dist/parser.js:35:38)\n    at Socket.<anonymous> (/Users/vbui/Documents/QE_repo/PracticeTS/node_modules/pg-protocol/dist/index.js:11:42)\n    at Socket.emit (node:events:517:28)\n    at addChunk (node:internal/streams/readable:368:12)\n    at readableAddChunk (node:internal/streams/readable:341:9)\n    at Readable.push (node:internal/streams/readable:278:10)\n    at TCP.onStreamRead (node:internal/stream_base_commons:190:23)",
    "timestamp": "2025-12-24T04:48:46.360Z"
}
{
    "code": "28P01",
    "file": "auth.c",
    "length": 104,
    "level": "error",
    "line": "331",
    "message": "Error during Data Source initialization password authentication failed for user \"postgres\"",
    "name": "error",
    "routine": "auth_failed",
    "severity": "FATAL",
    "stack": "error: password authentication failed for user \"postgres\"\n    at Parser.parseErrorMessage (/Users/vbui/Documents/QE_repo/PracticeTS/node_modules/pg-protocol/dist/parser.js:285:98)\n    at Parser.handlePacket (/Users/vbui/Documents/QE_repo/PracticeTS/node_modules/pg-protocol/dist/parser.js:122:29)\n    at Parser.parse (/Users/vbui/Documents/QE_repo/PracticeTS/node_modules/pg-protocol/dist/parser.js:35:38)\n    at Socket.<anonymous> (/Users/vbui/Documents/QE_repo/PracticeTS/node_modules/pg-protocol/dist/index.js:11:42)\n    at Socket.emit (node:events:517:28)\n    at addChunk (node:internal/streams/readable:368:12)\n    at readableAddChunk (node:internal/streams/readable:341:9)\n    at Readable.push (node:internal/streams/readable:278:10)\n    at TCP.onStreamRead (node:internal/stream_base_commons:190:23)",
    "timestamp": "2025-12-24T04:54:48.459Z"
}
{
    "code": "28P01",
    "file": "auth.c",
    "length": 104,
    "level": "error",
    "line": "331",
    "message": "Error during Data Source initialization password authentication failed for user \"postgres\"",
    "name": "error",
    "routine": "auth_failed",
    "severity": "FATAL",
    "stack": "error: password authentication failed for user \"postgres\"\n    at Parser.parseErrorMessage (/Users/vbui/Documents/QE_repo/PracticeTS/node_modules/pg-protocol/dist/parser.js:285:98)\n    at Parser.handlePacket (/Users/vbui/Documents/QE_repo/PracticeTS/node_modules/pg-protocol/dist/parser.js:122:29)\n    at Parser.parse (/Users/vbui/Documents/QE_repo/PracticeTS/node_modules/pg-protocol/dist/parser.js:35:38)\n    at Socket.<anonymous> (/Users/vbui/Documents/QE_repo/PracticeTS/node_modules/pg-protocol/dist/index.js:11:42)\n    at Socket.emit (node:events:517:28)\n    at addChunk (node:internal/streams/readable:368:12)\n    at readableAddChunk (node:internal/streams/readable:341:9)\n    at Readable.push (node:internal/streams/readable:278:10)\n    at TCP.onStreamRead (node:internal/stream_base_commons:190:23)",
    "timestamp": "2025-12-24T04:55:18.815Z"
}
{
    "code": "28P01",
    "file": "auth.c",
    "length": 104,
    "level": "error",
    "line": "331",
    "message": "Error during Data Source initialization password authentication failed for user \"postgres\"",
    "name": "error",
    "routine": "auth_failed",
    "severity": "FATAL",
    "stack": "error: password authentication failed for user \"postgres\"\n    at Parser.parseErrorMessage (/Users/vbui/Documents/QE_repo/PracticeTS/node_modules/pg-protocol/dist/parser.js:285:98)\n    at Parser.handlePacket (/Users/vbui/Documents/QE_repo/PracticeTS/node_modules/pg-protocol/dist/parser.js:122:29)\n    at Parser.parse (/Users/vbui/Documents/QE_repo/PracticeTS/node_modules/pg-protocol/dist/parser.js:35:38)\n    at Socket.<anonymous> (/Users/vbui/Documents/QE_repo/PracticeTS/node_modules/pg-protocol/dist/index.js:11:42)\n    at Socket.emit (node:events:517:28)\n    at addChunk (node:internal/streams/readable:368:12)\n    at readableAddChunk (node:internal/streams/readable:341:9)\n    at Readable.push (node:internal/streams/readable:278:10)\n    at TCP.onStreamRead (node:internal/stream_base_commons:190:23)",
    "timestamp": "2025-12-24T04:55:50.768Z"
}
{
    "code": "28P01",
    "file": "auth.c",
    "length": 104,
    "level": "error",
    "line": "331",
    "message": "Error during Data Source initialization password authentication failed for user \"postgres\"",
    "name": "error",
    "routine": "auth_failed",
    "severity": "FATAL",
    "stack": "error: password authentication failed for user \"postgres\"\n    at Parser.parseErrorMessage (/Users/vbui/Documents/QE_repo/PracticeTS/node_modules/pg-protocol/dist/parser.js:285:98)\n    at Parser.handlePacket (/Users/vbui/Documents/QE_repo/PracticeTS/node_modules/pg-protocol/dist/parser.js:122:29)\n    at Parser.parse (/Users/vbui/Documents/QE_repo/PracticeTS/node_modules/pg-protocol/dist/parser.js:35:38)\n    at Socket.<anonymous> (/Users/vbui/Documents/QE_repo/PracticeTS/node_modules/pg-protocol/dist/index.js:11:42)\n    at Socket.emit (node:events:517:28)\n    at addChunk (node:internal/streams/readable:368:12)\n    at readableAddChunk (node:internal/streams/readable:341:9)\n    at Readable.push (node:internal/streams/readable:278:10)\n    at TCP.onStreamRead (node:internal/stream_base_commons:190:23)",
    "timestamp": "2025-12-24T04:56:01.326Z"
}
{
    "code": "28P01",
    "file": "auth.c",
    "length": 104,
    "level": "error",
    "line": "331",
    "message": "Error during Data Source initialization password authentication failed for user \"postgres\"",
    "name": "error",
    "routine": "auth_failed",
    "severity": "FATAL",
    "stack": "error: password authentication failed for user \"postgres\"\n    at Parser.parseErrorMessage (/Users/vbui/Documents/QE_repo/PracticeTS/node_modules/pg-protocol/dist/parser.js:285:98)\n    at Parser.handlePacket (/Users/vbui/Documents/QE_repo/PracticeTS/node_modules/pg-protocol/dist/parser.js:122:29)\n    at Parser.parse (/Users/vbui/Documents/QE_repo/PracticeTS/node_modules/pg-protocol/dist/parser.js:35:38)\n    at Socket.<anonymous> (/Users/vbui/Documents/QE_repo/PracticeTS/node_modules/pg-protocol/dist/index.js:11:42)\n    at Socket.emit (node:events:517:28)\n    at addChunk (node:internal/streams/readable:368:12)\n    at readableAddChunk (node:internal/streams/readable:341:9)\n    at Readable.push (node:internal/streams/readable:278:10)\n    at TCP.onStreamRead (node:internal/stream_base_commons:190:23)",
    "timestamp": "2025-12-24T04:56:24.916Z"
}
{
    "code": "28P01",
    "file": "auth.c",
    "length": 104,
    "level": "error",
    "line": "331",
    "message": "Error during Data Source initialization password authentication failed for user \"postgres\"",
    "name": "error",
    "routine": "auth_failed",
    "severity": "FATAL",
    "stack": "error: password authentication failed for user \"postgres\"\n    at Parser.parseErrorMessage (/Users/vbui/Documents/QE_repo/PracticeTS/node_modules/pg-protocol/dist/parser.js:285:98)\n    at Parser.handlePacket (/Users/vbui/Documents/QE_repo/PracticeTS/node_modules/pg-protocol/dist/parser.js:122:29)\n    at Parser.parse (/Users/vbui/Documents/QE_repo/PracticeTS/node_modules/pg-protocol/dist/parser.js:35:38)\n    at Socket.<anonymous> (/Users/vbui/Documents/QE_repo/PracticeTS/node_modules/pg-protocol/dist/index.js:11:42)\n    at Socket.emit (node:events:517:28)\n    at addChunk (node:internal/streams/readable:368:12)\n    at readableAddChunk (node:internal/streams/readable:341:9)\n    at Readable.push (node:internal/streams/readable:278:10)\n    at TCP.onStreamRead (node:internal/stream_base_commons:190:23)",
    "timestamp": "2025-12-24T04:58:31.815Z"
}
{
    "code": "28P01",
    "file": "auth.c",
    "length": 104,
    "level": "error",
    "line": "331",
    "message": "Error during Data Source initialization password authentication failed for user \"postgres\"",
    "name": "error",
    "routine": "auth_failed",
    "severity": "FATAL",
    "stack": "error: password authentication failed for user \"postgres\"\n    at Parser.parseErrorMessage (/Users/vbui/Documents/QE_repo/PracticeTS/node_modules/pg-protocol/dist/parser.js:285:98)\n    at Parser.handlePacket (/Users/vbui/Documents/QE_repo/PracticeTS/node_modules/pg-protocol/dist/parser.js:122:29)\n    at Parser.parse (/Users/vbui/Documents/QE_repo/PracticeTS/node_modules/pg-protocol/dist/parser.js:35:38)\n    at Socket.<anonymous> (/Users/vbui/Documents/QE_repo/PracticeTS/node_modules/pg-protocol/dist/index.js:11:42)\n    at Socket.emit (node:events:517:28)\n    at addChunk (node:internal/streams/readable:368:12)\n    at readableAddChunk (node:internal/streams/readable:341:9)\n    at Readable.push (node:internal/streams/readable:278:10)\n    at TCP.onStreamRead (node:internal/stream_base_commons:190:23)",
    "timestamp": "2025-12-24T05:03:29.908Z"
}
{
    "code": "28P01",
    "file": "auth.c",
    "length": 104,
    "level": "error",
    "line": "331",
    "message": "Error during Data Source initialization password authentication failed for user \"postgres\"",
    "name": "error",
    "routine": "auth_failed",
    "severity": "FATAL",
    "stack": "error: password authentication failed for user \"postgres\"\n    at Parser.parseErrorMessage (/Users/vbui/Documents/QE_repo/PracticeTS/node_modules/pg-protocol/dist/parser.js:285:98)\n    at Parser.handlePacket (/Users/vbui/Documents/QE_repo/PracticeTS/node_modules/pg-protocol/dist/parser.js:122:29)\n    at Parser.parse (/Users/vbui/Documents/QE_repo/PracticeTS/node_modules/pg-protocol/dist/parser.js:35:38)\n    at Socket.<anonymous> (/Users/vbui/Documents/QE_repo/PracticeTS/node_modules/pg-protocol/dist/index.js:11:42)\n    at Socket.emit (node:events:517:28)\n    at addChunk (node:internal/streams/readable:368:12)\n    at readableAddChunk (node:internal/streams/readable:341:9)\n    at Readable.push (node:internal/streams/readable:278:10)\n    at TCP.onStreamRead (node:internal/stream_base_commons:190:23)",
    "timestamp": "2025-12-24T05:05:27.747Z"
}
{
    "code": "28P01",
    "file": "auth.c",
    "length": 104,
    "level": "error",
    "line": "331",
    "message": "Error during Data Source initialization password authentication failed for user \"postgres\"",
    "name": "error",
    "routine": "auth_failed",
    "severity": "FATAL",
    "stack": "error: password authentication failed for user \"postgres\"\n    at Parser.parseErrorMessage (/Users/vbui/Documents/QE_repo/PracticeTS/node_modules/pg-protocol/dist/parser.js:285:98)\n    at Parser.handlePacket (/Users/vbui/Documents/QE_repo/PracticeTS/node_modules/pg-protocol/dist/parser.js:122:29)\n    at Parser.parse (/Users/vbui/Documents/QE_repo/PracticeTS/node_modules/pg-protocol/dist/parser.js:35:38)\n    at Socket.<anonymous> (/Users/vbui/Documents/QE_repo/PracticeTS/node_modules/pg-protocol/dist/index.js:11:42)\n    at Socket.emit (node:events:517:28)\n    at addChunk (node:internal/streams/readable:368:12)\n    at readableAddChunk (node:internal/streams/readable:341:9)\n    at Readable.push (node:internal/streams/readable:278:10)\n    at TCP.onStreamRead (node:internal/stream_base_commons:190:23)",
    "timestamp": "2025-12-24T05:06:26.339Z"
}
{
    "level": "error",
    "message": "Error deleting database Empty criteria(s) are not allowed for the delete method.",
    "stack": "TypeORMError: Empty criteria(s) are not allowed for the delete method.\n    at EntityManager.delete (/Users/vbui/Documents/QE_repo/PracticeTS/node_modules/typeorm/entity-manager/EntityManager.js:389:35)\n    at Repository.delete (/Users/vbui/Documents/QE_repo/PracticeTS/node_modules/typeorm/repository/Repository.js:140:35)\n    at /Users/vbui/Documents/QE_repo/PracticeTS/dist/database/delete-db.js:55:107\n    at step (/Users/vbui/Documents/QE_repo/PracticeTS/dist/database/delete-db.js:33:23)\n    at Object.next (/Users/vbui/Documents/QE_repo/PracticeTS/dist/database/delete-db.js:14:53)\n    at fulfilled (/Users/vbui/Documents/QE_repo/PracticeTS/dist/database/delete-db.js:5:58)\n    at process.processTicksAndRejections (node:internal/process/task_queues:95:5)",
    "timestamp": "2025-12-24T10:37:55.528Z"
}
{
    "code": "0A000",
    "detail": "Table \"LESSONS\" references \"COURSES\".",
    "driverError": {
        "code": "0A000",
        "detail": "Table \"LESSONS\" references \"COURSES\".",
        "file": "heap.c",
        "hint": "Truncate table \"LESSONS\" at the same time, or use TRUNCATE ... CASCADE.",
        "length": 241,
        "line": "3216",
        "name": "error",
        "routine": "heap_truncate_check_FKs",
        "severity": "ERROR"
    },
    "file": "heap.c",
    "hint": "Truncate table \"LESSONS\" at the same time, or use TRUNCATE ... CASCADE.",
    "length": 241,
    "level": "error",
    "line": "3216",
    "message": "Error deleting database cannot truncate a table referenced in a foreign key constraint",
    "query": "TRUNCATE TABLE \"COURSES\"",
    "routine": "heap_truncate_check_FKs",
    "severity": "ERROR",
    "stack": "QueryFailedError: cannot truncate a table referenced in a foreign key constraint\n    at PostgresQueryRunner.query (/Users/vbui/Documents/QE_repo/PracticeTS/node_modules/typeorm/driver/postgres/PostgresQueryRunner.js:216:19)\n    at process.processTicksAndRejections (node:internal/process/task_queues:95:5)\n    at async PostgresQueryRunner.clearTable (/Users/vbui/Documents/QE_repo/PracticeTS/node_modules/typeorm/driver/postgres/PostgresQueryRunner.js:1593:9)\n    at async EntityManager.clear (/Users/vbui/Documents/QE_repo/PracticeTS/node_modules/typeorm/entity-manager/EntityManager.js:697:20)",
    "timestamp": "2025-12-24T10:40:25.387Z"
}
